c:\users\benjamin\source\repos\isosurfaces\isosurfaces\x64\release\isosurfaces.pch
c:\users\benjamin\source\repos\isosurfaces\isosurfaces\x64\release\vc141.pdb
c:\users\benjamin\source\repos\isosurfaces\isosurfaces\x64\release\stdafx.obj
c:\users\benjamin\source\repos\isosurfaces\isosurfaces\x64\release\marchingcubes.obj
c:\users\benjamin\source\repos\isosurfaces\isosurfaces\x64\release\dllmain.obj
c:\users\benjamin\source\repos\isosurfaces\isosurfaces\x64\release\dllmanifest.obj
c:\users\benjamin\source\repos\isosurfaces\x64\isosurfaces.lib
c:\users\benjamin\source\repos\isosurfaces\x64\isosurfaces.exp
c:\users\benjamin\source\repos\isosurfaces\x64\isosurfaces.ipdb
c:\users\benjamin\source\repos\isosurfaces\x64\isosurfaces.iobj
c:\users\benjamin\documents\the hive\isosurfaces.lib
c:\users\benjamin\documents\the hive\isosurfaces.exp
c:\users\benjamin\documents\the hive\isosurfaces.ipdb
c:\users\benjamin\documents\the hive\isosurfaces.iobj
c:\users\benjamin\documents\the hive\isosurfaces.dll
c:\users\benjamin\documents\the hive\isosurfaces.pdb
c:\users\benjamin\source\repos\isosurfaces\isosurfaces\x64\release\isosurfaces.tlog\cl.command.1.tlog
c:\users\benjamin\source\repos\isosurfaces\isosurfaces\x64\release\isosurfaces.tlog\cl.read.1.tlog
c:\users\benjamin\source\repos\isosurfaces\isosurfaces\x64\release\isosurfaces.tlog\cl.write.1.tlog
c:\users\benjamin\source\repos\isosurfaces\isosurfaces\x64\release\isosurfaces.tlog\isosurfaces.write.1u.tlog
c:\users\benjamin\source\repos\isosurfaces\isosurfaces\x64\release\isosurfaces.tlog\link.command.1.tlog
c:\users\benjamin\source\repos\isosurfaces\isosurfaces\x64\release\isosurfaces.tlog\link.delete.1.tlog
c:\users\benjamin\source\repos\isosurfaces\isosurfaces\x64\release\isosurfaces.tlog\link.read.1.tlog
c:\users\benjamin\source\repos\isosurfaces\isosurfaces\x64\release\isosurfaces.tlog\link.write.1.tlog
